<?xml version="1.0" encoding="UTF-8"?>
<!-- Generated by org.testng.reporters.JUnitReportReporter -->
<testsuite hostname="L-BLR-00800768" name="Test.SelendroidIntegrationTest" tests="1" failures="0" timestamp="30 Aug 2014 05:51:44 GMT" time="191.818" errors="0">
  <testcase name="testShouldBeAbleToEnterText" time="191.818" classname="Test.SelendroidIntegrationTest"/>
</testsuite> <!-- Test.SelendroidIntegrationTest -->
