<?xml version="1.0" encoding="UTF-8"?>
<!-- Generated by org.testng.reporters.JUnitReportReporter -->
<testsuite hostname="L-BLR-00800768" name="Test.SignInTest" tests="1" failures="1" timestamp="4 Sep 2014 17:31:20 GMT" time="104.324" errors="0">
  <testcase name="testShouldBeAbleToEnterText" time="104.324" classname="Test.SignInTest">
    <failure type="org.openqa.selenium.WebDriverException" message="Error occured while communicating with selendroid server on the device: 
io.selendroid.exceptions.SelendroidException: Error occured while communicating with selendroid server on the device: 
	at io.selendroid.server.handler.RequestRedirectHandler.handle(RequestRedirectHandler.java:74)
	at io.selendroid.server.SelendroidServlet.handleRequest(SelendroidServlet.java:143)
	at io.selendroid.server.BaseServlet.handleHttpRequest(BaseServlet.java:67)
	at io.selendroid.server.http.ServerHandler.channelRead(ServerHandler.java:50)
	at io.netty.channel.AbstractChannelHandlerContext.invokeChannelRead(AbstractChannelHandlerContext.java:333)
	at io.netty.channel.AbstractChannelHandlerContext.fireChannelRead(AbstractChannelHandlerContext.java:319)
	at io.netty.handler.codec.MessageToMessageDecoder.channelRead(MessageToMessageDecoder.java:103)
	at io.netty.channel.AbstractChannelHandlerContext.invokeChannelRead(AbstractChannelHandlerContext.java:333)
	at io.netty.channel.AbstractChannelHandlerContext.fireChannelRead(AbstractChannelHandlerContext.java:319)
	at io.netty.handler.codec.ByteToMessageDecoder.channelRead(ByteToMessageDecoder.java:163)
	at io.netty.channel.CombinedChannelDuplexHandler.channelRead(CombinedChannelDuplexHandler.java:148)
	at io.netty.channel.AbstractChannelHandlerContext.invokeChannelRead(AbstractChannelHandlerContext.java:333)
	at io.netty.channel.AbstractChannelHandlerContext.fireChannelRead(AbstractChannelHandlerContext.java:319)
	at io.netty.channel.DefaultChannelPipeline.fireChannelRead(DefaultChannelPipeline.java:787)
	at io.netty.channel.nio.AbstractNioByteChannel$NioByteUnsafe.read(AbstractNioByteChannel.java:125)
	at io.netty.channel.nio.NioEventLoop.processSelectedKey(NioEventLoop.java:511)
	at io.netty.channel.nio.NioEventLoop.processSelectedKeysOptimized(NioEventLoop.java:468)
	at io.netty.channel.nio.NioEventLoop.processSelectedKeys(NioEventLoop.java:382)
	at io.netty.channel.nio.NioEventLoop.run(NioEventLoop.java:354)
	at io.netty.util.concurrent.SingleThreadEventExecutor$2.run(SingleThreadEventExecutor.java:116)
	at io.netty.util.concurrent.DefaultThreadFactory$DefaultRunnableDecorator.run(DefaultThreadFactory.java:137)
	at java.lang.Thread.run(Thread.java:722)
Caused by: org.json.JSONException: A JSONObject text must begin with &#039;{&#039; at character 0
	at org.json.JSONTokener.syntaxError(JSONTokener.java:410)
	at org.json.JSONObject.&lt;init&gt;(JSONObject.java:179)
	at org.json.JSONObject.&lt;init&gt;(JSONObject.java:402)
	at io.selendroid.server.util.HttpClientUtil.parseJsonResponse(HttpClientUtil.java:57)
	at io.selendroid.server.handler.RequestRedirectHandler.redirectRequest(RequestRedirectHandler.java:121)
	at io.selendroid.server.handler.RequestRedirectHandler.handle(RequestRedirectHandler.java:64)
	... 21 more

Command duration or timeout: 614 milliseconds
Build info: version: &#039;2.42.2&#039;, revision: &#039;6a6995d31c7c56c340d6f45a76976d43506cd6cc&#039;, time: &#039;2014-06-03 10:52:47&#039;
System info: host: &#039;L-BLR-00800768&#039;, ip: &#039;10.245.83.149&#039;, os.name: &#039;Windows 7&#039;, os.arch: &#039;amd64&#039;, os.version: &#039;6.1&#039;, java.version: &#039;1.7.0_11&#039;
Session ID: 68652f74-ce59-b73e-b120-1f3ba36a9c0f
Driver info: io.selendroid.SelendroidDriver
Capabilities [{automationName=selendroid, platformVersion=17, platform=ANDROID, acceptSslCerts=true, javascriptEnabled=true, platformName=android, handlesAlerts=true, browserName=selendroid, networkConnectionEnabled=true, rotatable=true, takesScreenshot=true, version=0.11.0}]">
      <![CDATA[org.openqa.selenium.WebDriverException: Error occured while communicating with selendroid server on the device: 
io.selendroid.exceptions.SelendroidException: Error occured while communicating with selendroid server on the device: 
	at io.selendroid.server.handler.RequestRedirectHandler.handle(RequestRedirectHandler.java:74)
	at io.selendroid.server.SelendroidServlet.handleRequest(SelendroidServlet.java:143)
	at io.selendroid.server.BaseServlet.handleHttpRequest(BaseServlet.java:67)
	at io.selendroid.server.http.ServerHandler.channelRead(ServerHandler.java:50)
	at io.netty.channel.AbstractChannelHandlerContext.invokeChannelRead(AbstractChannelHandlerContext.java:333)
	at io.netty.channel.AbstractChannelHandlerContext.fireChannelRead(AbstractChannelHandlerContext.java:319)
	at io.netty.handler.codec.MessageToMessageDecoder.channelRead(MessageToMessageDecoder.java:103)
	at io.netty.channel.AbstractChannelHandlerContext.invokeChannelRead(AbstractChannelHandlerContext.java:333)
	at io.netty.channel.AbstractChannelHandlerContext.fireChannelRead(AbstractChannelHandlerContext.java:319)
	at io.netty.handler.codec.ByteToMessageDecoder.channelRead(ByteToMessageDecoder.java:163)
	at io.netty.channel.CombinedChannelDuplexHandler.channelRead(CombinedChannelDuplexHandler.java:148)
	at io.netty.channel.AbstractChannelHandlerContext.invokeChannelRead(AbstractChannelHandlerContext.java:333)
	at io.netty.channel.AbstractChannelHandlerContext.fireChannelRead(AbstractChannelHandlerContext.java:319)
	at io.netty.channel.DefaultChannelPipeline.fireChannelRead(DefaultChannelPipeline.java:787)
	at io.netty.channel.nio.AbstractNioByteChannel$NioByteUnsafe.read(AbstractNioByteChannel.java:125)
	at io.netty.channel.nio.NioEventLoop.processSelectedKey(NioEventLoop.java:511)
	at io.netty.channel.nio.NioEventLoop.processSelectedKeysOptimized(NioEventLoop.java:468)
	at io.netty.channel.nio.NioEventLoop.processSelectedKeys(NioEventLoop.java:382)
	at io.netty.channel.nio.NioEventLoop.run(NioEventLoop.java:354)
	at io.netty.util.concurrent.SingleThreadEventExecutor$2.run(SingleThreadEventExecutor.java:116)
	at io.netty.util.concurrent.DefaultThreadFactory$DefaultRunnableDecorator.run(DefaultThreadFactory.java:137)
	at java.lang.Thread.run(Thread.java:722)
Caused by: org.json.JSONException: A JSONObject text must begin with '{' at character 0
	at org.json.JSONTokener.syntaxError(JSONTokener.java:410)
	at org.json.JSONObject.<init>(JSONObject.java:179)
	at org.json.JSONObject.<init>(JSONObject.java:402)
	at io.selendroid.server.util.HttpClientUtil.parseJsonResponse(HttpClientUtil.java:57)
	at io.selendroid.server.handler.RequestRedirectHandler.redirectRequest(RequestRedirectHandler.java:121)
	at io.selendroid.server.handler.RequestRedirectHandler.handle(RequestRedirectHandler.java:64)
	... 21 more

Command duration or timeout: 614 milliseconds
Build info: version: '2.42.2', revision: '6a6995d31c7c56c340d6f45a76976d43506cd6cc', time: '2014-06-03 10:52:47'
System info: host: 'L-BLR-00800768', ip: '10.245.83.149', os.name: 'Windows 7', os.arch: 'amd64', os.version: '6.1', java.version: '1.7.0_11'
Session ID: 68652f74-ce59-b73e-b120-1f3ba36a9c0f
Driver info: io.selendroid.SelendroidDriver
Capabilities [{automationName=selendroid, platformVersion=17, platform=ANDROID, acceptSslCerts=true, javascriptEnabled=true, platformName=android, handlesAlerts=true, browserName=selendroid, networkConnectionEnabled=true, rotatable=true, takesScreenshot=true, version=0.11.0}]
	at sun.reflect.NativeConstructorAccessorImpl.newInstance0(Native Method)
	at sun.reflect.NativeConstructorAccessorImpl.newInstance(NativeConstructorAccessorImpl.java:57)
	at sun.reflect.DelegatingConstructorAccessorImpl.newInstance(DelegatingConstructorAccessorImpl.java:45)
	at java.lang.reflect.Constructor.newInstance(Constructor.java:525)
	at org.openqa.selenium.remote.ErrorHandler.createThrowable(ErrorHandler.java:204)
	at org.openqa.selenium.remote.ErrorHandler.throwIfResponseFailed(ErrorHandler.java:156)
	at org.openqa.selenium.remote.RemoteWebDriver.execute(RemoteWebDriver.java:599)
	at org.openqa.selenium.remote.RemoteWebDriver.execute(RemoteWebDriver.java:614)
	at org.openqa.selenium.remote.RemoteWebDriver.getTitle(RemoteWebDriver.java:313)
	at Test.SignInTest.testShouldBeAbleToEnterText(SignInTest.java:33)
	at sun.reflect.NativeMethodAccessorImpl.invoke0(Native Method)
	at sun.reflect.NativeMethodAccessorImpl.invoke(NativeMethodAccessorImpl.java:57)
	at sun.reflect.DelegatingMethodAccessorImpl.invoke(DelegatingMethodAccessorImpl.java:43)
	at java.lang.reflect.Method.invoke(Method.java:601)
	at org.testng.internal.MethodInvocationHelper.invokeMethod(MethodInvocationHelper.java:84)
	at org.testng.internal.Invoker.invokeMethod(Invoker.java:714)
	at org.testng.internal.Invoker.invokeTestMethod(Invoker.java:901)
	at org.testng.internal.Invoker.invokeTestMethods(Invoker.java:1231)
	at org.testng.internal.TestMethodWorker.invokeTestMethods(TestMethodWorker.java:127)
	at org.testng.internal.TestMethodWorker.run(TestMethodWorker.java:111)
	at org.testng.TestRunner.privateRun(TestRunner.java:767)
	at org.testng.TestRunner.run(TestRunner.java:617)
	at org.testng.SuiteRunner.runTest(SuiteRunner.java:334)
	at org.testng.SuiteRunner.runSequentially(SuiteRunner.java:329)
	at org.testng.SuiteRunner.privateRun(SuiteRunner.java:291)
	at org.testng.SuiteRunner.run(SuiteRunner.java:240)
	at org.testng.SuiteRunnerWorker.runSuite(SuiteRunnerWorker.java:52)
	at org.testng.SuiteRunnerWorker.run(SuiteRunnerWorker.java:86)
	at org.testng.TestNG.runSuitesSequentially(TestNG.java:1224)
	at org.testng.TestNG.runSuitesLocally(TestNG.java:1149)
	at org.testng.TestNG.run(TestNG.java:1057)
	at org.testng.remote.RemoteTestNG.run(RemoteTestNG.java:111)
	at org.testng.remote.RemoteTestNG.initAndRun(RemoteTestNG.java:204)
	at org.testng.remote.RemoteTestNG.main(RemoteTestNG.java:175)
Caused by: io.selendroid.exceptions.SelendroidException: Error occured while communicating with selendroid server on the device: 
io.selendroid.exceptions.SelendroidException: Error occured while communicating with selendroid server on the device: 
	at io.selendroid.server.handler.RequestRedirectHandler.handle(RequestRedirectHandler.java:74)
	at io.selendroid.server.SelendroidServlet.handleRequest(SelendroidServlet.java:143)
	at io.selendroid.server.BaseServlet.handleHttpRequest(BaseServlet.java:67)
	at io.selendroid.server.http.ServerHandler.channelRead(ServerHandler.java:50)
	at io.netty.channel.AbstractChannelHandlerContext.invokeChannelRead(AbstractChannelHandlerContext.java:333)
	at io.netty.channel.AbstractChannelHandlerContext.fireChannelRead(AbstractChannelHandlerContext.java:319)
	at io.netty.handler.codec.MessageToMessageDecoder.channelRead(MessageToMessageDecoder.java:103)
	at io.netty.channel.AbstractChannelHandlerContext.invokeChannelRead(AbstractChannelHandlerContext.java:333)
	at io.netty.channel.AbstractChannelHandlerContext.fireChannelRead(AbstractChannelHandlerContext.java:319)
	at io.netty.handler.codec.ByteToMessageDecoder.channelRead(ByteToMessageDecoder.java:163)
	at io.netty.channel.CombinedChannelDuplexHandler.channelRead(CombinedChannelDuplexHandler.java:148)
	at io.netty.channel.AbstractChannelHandlerContext.invokeChannelRead(AbstractChannelHandlerContext.java:333)
	at io.netty.channel.AbstractChannelHandlerContext.fireChannelRead(AbstractChannelHandlerContext.java:319)
	at io.netty.channel.DefaultChannelPipeline.fireChannelRead(DefaultChannelPipeline.java:787)
	at io.netty.channel.nio.AbstractNioByteChannel$NioByteUnsafe.read(AbstractNioByteChannel.java:125)
	at io.netty.channel.nio.NioEventLoop.processSelectedKey(NioEventLoop.java:511)
	at io.netty.channel.nio.NioEventLoop.processSelectedKeysOptimized(NioEventLoop.java:468)
	at io.netty.channel.nio.NioEventLoop.processSelectedKeys(NioEventLoop.java:382)
	at io.netty.channel.nio.NioEventLoop.run(NioEventLoop.java:354)
	at io.netty.util.concurrent.SingleThreadEventExecutor$2.run(SingleThreadEventExecutor.java:116)
	at io.netty.util.concurrent.DefaultThreadFactory$DefaultRunnableDecorator.run(DefaultThreadFactory.java:137)
	at java.lang.Thread.run(Thread.java:722)
Caused by: org.json.JSONException: A JSONObject text must begin with '{' at character 0
	at org.json.JSONTokener.syntaxError(JSONTokener.java:410)
	at org.json.JSONObject.<init>(JSONObject.java:179)
	at org.json.JSONObject.<init>(JSONObject.java:402)
	at io.selendroid.server.util.HttpClientUtil.parseJsonResponse(HttpClientUtil.java:57)
	at io.selendroid.server.handler.RequestRedirectHandler.redirectRequest(RequestRedirectHandler.java:121)
	at io.selendroid.server.handler.RequestRedirectHandler.handle(RequestRedirectHandler.java:64)
	... 21 more

]]>
    </failure>
  </testcase> <!-- testShouldBeAbleToEnterText -->
</testsuite> <!-- Test.SignInTest -->
