<?xml version="1.0" encoding="UTF-8"?>
<!-- Generated by org.testng.reporters.JUnitReportReporter -->
<testsuite hostname="badanekai" name="com.ebay.pages.EbaySearch" tests="1" failures="0" timestamp="24 Aug 2015 17:43:19 GMT" time="354.420" errors="0">
  <testcase name="testShouldBeAbleToEnterText" time="354.420" classname="com.ebay.pages.EbaySearch"/>
</testsuite> <!-- com.ebay.pages.EbaySearch -->
